<?xml version="1.0" encoding="UTF-8"?>
<!-- Generated by org.testng.reporters.JUnitXMLReporter -->
<testsuite ignored="6" hostname="LTIN195419" failures="0" tests="10" name="Test" time="221.006" errors="0" timestamp="2024-02-29T11:24:37 IST">
  <testcase classname="TestCases.TC1webdevcourses" name="homepage" time="11.079"/>
  <testcase classname="TestCases.TC1webdevcourses" name="filter" time="4.065"/>
  <testcase classname="TestCases.TC1webdevcourses" name="courses" time="20.307"/>
  <testcase classname="TestCases.TC2webcrse2" name="course2" time="3.628"/>
  <testcase classname="TestCases.TC2webcrse2" name="windowswitch" time="16.969"/>
  <testcase classname="TestCases.TC3Languagelearn" name="searchbox" time="17.426"/>
  <testcase classname="TestCases.TC3Languagelearn" name="languagescourses" time="73.629"/>
  <testcase classname="TestCases.TC3Languagelearn" name="levelcount" time="4.27"/>
  <testcase classname="TestCases.TC4enterprises" name="forEnterprise" time="37.027"/>
  <testcase classname="TestCases.TC4enterprises" name="submitForm" time="3.789"/>
  <testcase classname="TestBase.Baseclass" name="@BeforeTest setup" time="0.0">
    <ignored/>
  </testcase> <!-- @BeforeTest setup -->
  <testcase classname="TestBase.Baseclass" name="@AfterTest tearDown" time="0.0">
    <ignored/>
  </testcase> <!-- @AfterTest tearDown -->
  <testcase classname="TestBase.Baseclass" name="@AfterTest tearDown" time="0.0">
    <ignored/>
  </testcase> <!-- @AfterTest tearDown -->
  <testcase classname="TestBase.Baseclass" name="@AfterTest tearDown" time="0.0">
    <ignored/>
  </testcase> <!-- @AfterTest tearDown -->
  <testcase classname="TestBase.Baseclass" name="@BeforeTest setup" time="0.0">
    <ignored/>
  </testcase> <!-- @BeforeTest setup -->
  <testcase classname="TestBase.Baseclass" name="@BeforeTest setup" time="0.0">
    <ignored/>
  </testcase> <!-- @BeforeTest setup -->
</testsuite> <!-- Test -->
